HowIMetYourMother/app/build/intermediates/manifest_merge_blame_file/debug/manifest-merger-blame-debug-report.txt
1<?xml version="1.0" encoding="utf-8"?>
2<manifest xmlns:android="http://schemas.android.com/apk/res/android"
3    package="com.HowIMetYourMother.app"
4    android:versionCode="1"
5    android:versionName="1.0" >
6
7    <uses-sdk
8        android:minSdkVersion="26"
8-->src\main\AndroidManifest.xml
9        android:targetSdkVersion="30" />
9-->src\main\AndroidManifest.xml
10
11    <application
11-->src\main\AndroidManifest.xml:5:5-25:19
12        android:allowBackup="true"
12-->src\main\AndroidManifest.xml:6:9-35
13        android:appComponentFactory="androidx.core.app.CoreComponentFactory"
13-->[androidx.core:core:1.1.0] AndroidManifest.xml:24:18-86
14        android:debuggable="true"
15        android:extractNativeLibs="false"
16        android:icon="@mipmap/ic_launcher"
16-->src\main\AndroidManifest.xml:7:9-43
17        android:label="@string/app_name"
17-->src\main\AndroidManifest.xml:8:9-41
18        android:roundIcon="@mipmap/ic_launcher_round"
18-->src\main\AndroidManifest.xml:9:9-54
19        android:supportsRtl="true"
19-->src\main\AndroidManifest.xml:10:9-35
20        android:testOnly="true"
21        android:theme="@style/Theme.HowIMetYourMother" >
21-->src\main\AndroidManifest.xml:11:9-55
22        <activity android:name="com.HowIMetYourMother.app.ActressesActivity" />
22-->src\main\AndroidManifest.xml:12:9-64
22-->src\main\AndroidManifest.xml:12:19-52
23        <activity android:name="com.HowIMetYourMother.app.ActorsActivity" />
23-->src\main\AndroidManifest.xml:13:9-52
23-->src\main\AndroidManifest.xml:13:19-49
24        <activity android:name="com.HowIMetYourMother.app.MainActivity" >
24-->src\main\AndroidManifest.xml:14:9-20:20
24-->src\main\AndroidManifest.xml:14:19-47
25            <intent-filter>
25-->src\main\AndroidManifest.xml:15:13-19:29
26                <action android:name="android.intent.action.MAIN" />
26-->src\main\AndroidManifest.xml:16:17-69
26-->src\main\AndroidManifest.xml:16:25-66
27
28                <category android:name="android.intent.category.LAUNCHER" />
28-->src\main\AndroidManifest.xml:18:17-77
28-->src\main\AndroidManifest.xml:18:27-74
29            </intent-filter>
30        </activity>
31
32        <meta-data
32-->src\main\AndroidManifest.xml:22:9-24:57
33            android:name="preloaded_fonts"
33-->src\main\AndroidManifest.xml:23:13-43
34            android:resource="@array/preloaded_fonts" />
34-->src\main\AndroidManifest.xml:24:13-54
35    </application>
36
37</manifest>